<?xml version="1.0" encoding="UTF-8"?>
<testng-results skipped="0" failed="0" ignored="0" total="1" passed="1">
  <reporter-output>
  </reporter-output>
  <suite name="Default suite" duration-ms="41794" started-at="2021-08-21T12:50:57 NPT" finished-at="2021-08-21T12:51:39 NPT">
    <groups>
    </groups>
    <test name="Default test" duration-ms="41794" started-at="2021-08-21T12:50:57 NPT" finished-at="2021-08-21T12:51:39 NPT">
      <class name="testCase.TC_15Test">
        <test-method status="PASS" signature="preCondition()[pri:0, instance:testCase.TC_15Test@1877ab81]" name="preCondition" is-config="true" duration-ms="8788" started-at="2021-08-21T12:50:57 NPT" finished-at="2021-08-21T12:51:06 NPT">
          <reporter-output>
          </reporter-output>
        </test-method> <!-- preCondition -->
        <test-method status="PASS" signature="loginToApp()[pri:0, instance:testCase.TC_15Test@1877ab81]" name="loginToApp" is-config="true" duration-ms="15329" started-at="2021-08-21T12:51:06 NPT" finished-at="2021-08-21T12:51:22 NPT">
          <reporter-output>
          </reporter-output>
        </test-method> <!-- loginToApp -->
        <test-method status="PASS" signature="EditContact()[pri:0, instance:testCase.TC_15Test@1877ab81]" name="EditContact" duration-ms="11655" started-at="2021-08-21T12:51:22 NPT" finished-at="2021-08-21T12:51:33 NPT">
          <reporter-output>
          </reporter-output>
        </test-method> <!-- EditContact -->
        <test-method status="PASS" signature="logoutApp()[pri:0, instance:testCase.TC_15Test@1877ab81]" name="logoutApp" is-config="true" duration-ms="3652" started-at="2021-08-21T12:51:33 NPT" finished-at="2021-08-21T12:51:37 NPT">
          <reporter-output>
          </reporter-output>
        </test-method> <!-- logoutApp -->
        <test-method status="PASS" signature="postCondition()[pri:0, instance:testCase.TC_15Test@1877ab81]" name="postCondition" is-config="true" duration-ms="2296" started-at="2021-08-21T12:51:37 NPT" finished-at="2021-08-21T12:51:39 NPT">
          <reporter-output>
          </reporter-output>
        </test-method> <!-- postCondition -->
      </class> <!-- testCase.TC_15Test -->
    </test> <!-- Default test -->
  </suite> <!-- Default suite -->
</testng-results>
